<?xml version="1.0" encoding="UTF-8"?>
<!-- Generated by org.testng.reporters.JUnitReportReporter -->
<testsuite hostname="DESKTOP-JGGUAE7" failures="0" tests="1" name="maven_project.maven_package.validate_login_to_fbook" time="10.348" errors="0" timestamp="2025-03-12T12:05:25 PDT" skipped="0">
  <testcase classname="maven_project.maven_package.validate_login_to_fbook" name="fblogin" time="10.348"/>
  <system-out/>
</testsuite> <!-- maven_project.maven_package.validate_login_to_fbook -->
