<?xml version="1.0" encoding="UTF-8"?>
<!-- Generated by org.testng.reporters.JUnitReportReporter -->
<testsuite hostname="DESKTOP-JGGUAE7" failures="0" tests="1" name="maven_project.maven_package.testng_maven" time="16.747" errors="0" timestamp="2025-02-28T12:02:27 PST" skipped="0">
  <testcase classname="maven_project.maven_package.testng_maven" name="testcase1" time="16.747"/>
  <system-out/>
</testsuite> <!-- maven_project.maven_package.testng_maven -->
