<?xml version="1.0" encoding="UTF-8"?>
<!-- Generated by org.testng.reporters.JUnitReportReporter -->
<testsuite hostname="DESKTOP-JGGUAE7" failures="0" tests="2" name="maven_project.maven_package.two_testng" time="0.028" errors="0" timestamp="2025-02-28T12:11:27 PST" skipped="0">
  <testcase classname="maven_project.maven_package.two_testng" name="testcase2" time="0.005"/>
  <system-out/>
  <testcase classname="maven_project.maven_package.two_testng" name="testcase1" time="0.023"/>
  <system-out/>
</testsuite> <!-- maven_project.maven_package.two_testng -->
