<?xml version="1.0" encoding="UTF-8"?>
<!-- Generated by org.testng.reporters.JUnitReportReporter -->
<testsuite hostname="DESKTOP-JGGUAE7" failures="0" tests="1" name="maven_project.maven_package.testng_maven" time="28.714" errors="0" timestamp="2025-04-07T14:16:21 PDT" skipped="0">
  <testcase classname="maven_project.maven_package.testng_maven" name="testcase1" time="28.714"/>
</testsuite> <!-- maven_project.maven_package.testng_maven -->
